<?xml version="1.0" encoding="utf-8" ?>
<!DOCTYPE html PUBLIC "-//W3C//DTD XHTML 1.0 Strict//EN"
        "http://www.w3.org/TR/xhtml1/DTD/xhtml1-strict.dtd">
<html xmlns="http://www.w3.org/1999/xhtml" xml:lang="" lang="">
<head>
  <title>Test Results Report - Add Customer Test</title>
  <meta http-equiv="Content-Type" content="text/html;charset=utf-8" />
  <meta name="description" content="TestNG unit test results." />
  <link href="reportng.css" rel="stylesheet" type="text/css" />
    <script type="text/javascript" src="reportng.js"></script>
</head>
<body>
<h1>Add Customer Test</h1>
<p>
  Test duration: -1624867900.314s
</p>

  <table class="resultsTable configTable">
    <tr><th colspan="3" class="header failedConfig">Failed Configuration</th></tr>
              <tr class="group">
        <td colspan="3">com.w2a.testcases.AddCustomerTest</td>
      </tr>
            
<tr>
  <td class="method">
                  setUp
      </td>
  <td class="duration">
    24.537s
  </td>
  <td class="result">
        
    
        

        <a href="javascript:toggleElement('exception-0', 'block')" title="Click to expand/collapse"><b>org.openqa.selenium.WebDriverException: Timed out waiting for driver server to start.<br/>
Build info: version: &apos;3.141.59&apos;, revision: &apos;e82be7d358&apos;, time: &apos;2018-11-14T08:17:03&apos;<br/>
System info: host: &apos;DESKTOP-NJPOCRI&apos;, ip: &apos;192.168.1.28&apos;, os.name: &apos;Windows 10&apos;, os.arch: &apos;amd64&apos;, os.version: &apos;10.0&apos;, java.version: &apos;16.0.1&apos;<br/>
Driver info: driver.version: ChromeDriver</b></a><br />
    <div class="stackTrace" id="exception-0">
              org.openqa.selenium.remote.service.DriverService.waitUntilAvailable(DriverService.java:202)<br />
              org.openqa.selenium.remote.service.DriverService.start(DriverService.java:188)<br />
              org.openqa.selenium.remote.service.DriverCommandExecutor.execute(DriverCommandExecutor.java:79)<br />
              org.openqa.selenium.remote.RemoteWebDriver.execute(RemoteWebDriver.java:552)<br />
              org.openqa.selenium.remote.RemoteWebDriver.startSession(RemoteWebDriver.java:213)<br />
              org.openqa.selenium.remote.RemoteWebDriver.&lt;init&gt;(RemoteWebDriver.java:131)<br />
              org.openqa.selenium.chrome.ChromeDriver.&lt;init&gt;(ChromeDriver.java:181)<br />
              org.openqa.selenium.chrome.ChromeDriver.&lt;init&gt;(ChromeDriver.java:168)<br />
              org.openqa.selenium.chrome.ChromeDriver.&lt;init&gt;(ChromeDriver.java:123)<br />
              com.w2a.base.TestBase.setUp(TestBase.java:78)<br />
              java.base/jdk.internal.reflect.NativeMethodAccessorImpl.invoke0(Native Method)<br />
              java.base/jdk.internal.reflect.NativeMethodAccessorImpl.invoke(NativeMethodAccessorImpl.java:78)<br />
              java.base/jdk.internal.reflect.DelegatingMethodAccessorImpl.invoke(DelegatingMethodAccessorImpl.java:43)<br />
              java.base/java.lang.reflect.Method.invoke(Method.java:567)<br />
              org.testng.internal.MethodInvocationHelper.invokeMethod(MethodInvocationHelper.java:133)<br />
              org.testng.internal.MethodInvocationHelper.invokeMethodConsideringTimeout(MethodInvocationHelper.java:62)<br />
              org.testng.internal.ConfigInvoker.invokeConfigurationMethod(ConfigInvoker.java:385)<br />
              org.testng.internal.ConfigInvoker.invokeConfigurations(ConfigInvoker.java:321)<br />
              org.testng.SuiteRunner.privateRun(SuiteRunner.java:317)<br />
              org.testng.SuiteRunner.run(SuiteRunner.java:276)<br />
              org.testng.SuiteRunnerWorker.runSuite(SuiteRunnerWorker.java:53)<br />
              org.testng.SuiteRunnerWorker.run(SuiteRunnerWorker.java:96)<br />
              org.testng.TestNG.runSuitesSequentially(TestNG.java:1212)<br />
              org.testng.TestNG.runSuitesLocally(TestNG.java:1134)<br />
              org.testng.TestNG.runSuites(TestNG.java:1063)<br />
              org.testng.TestNG.run(TestNG.java:1031)<br />
              org.testng.remote.AbstractRemoteTestNG.run(AbstractRemoteTestNG.java:115)<br />
              org.testng.remote.RemoteTestNG.initAndRun(RemoteTestNG.java:251)<br />
              org.testng.remote.RemoteTestNG.main(RemoteTestNG.java:77)<br />
                    <b>Caused by: </b> <a href="javascript:toggleElement('exception-1', 'block')" title="Click to expand/collapse">org.openqa.selenium.net.UrlChecker$TimeoutException: Timed out waiting for [http://localhost:27077/status] to be available after 20008 ms</a><br />
        <div class="stackTrace" id="exception-1">
                      org.openqa.selenium.net.UrlChecker.waitUntilAvailable(UrlChecker.java:100)<br />
                      org.openqa.selenium.remote.service.DriverService.waitUntilAvailable(DriverService.java:197)<br />
                      org.openqa.selenium.remote.service.DriverService.start(DriverService.java:188)<br />
                      org.openqa.selenium.remote.service.DriverCommandExecutor.execute(DriverCommandExecutor.java:79)<br />
                      org.openqa.selenium.remote.RemoteWebDriver.execute(RemoteWebDriver.java:552)<br />
                      org.openqa.selenium.remote.RemoteWebDriver.startSession(RemoteWebDriver.java:213)<br />
                      org.openqa.selenium.remote.RemoteWebDriver.&lt;init&gt;(RemoteWebDriver.java:131)<br />
                      org.openqa.selenium.chrome.ChromeDriver.&lt;init&gt;(ChromeDriver.java:181)<br />
                      org.openqa.selenium.chrome.ChromeDriver.&lt;init&gt;(ChromeDriver.java:168)<br />
                      org.openqa.selenium.chrome.ChromeDriver.&lt;init&gt;(ChromeDriver.java:123)<br />
                      com.w2a.base.TestBase.setUp(TestBase.java:78)<br />
                      java.base/jdk.internal.reflect.NativeMethodAccessorImpl.invoke0(Native Method)<br />
                      java.base/jdk.internal.reflect.NativeMethodAccessorImpl.invoke(NativeMethodAccessorImpl.java:78)<br />
                      java.base/jdk.internal.reflect.DelegatingMethodAccessorImpl.invoke(DelegatingMethodAccessorImpl.java:43)<br />
                      java.base/java.lang.reflect.Method.invoke(Method.java:567)<br />
                      org.testng.internal.MethodInvocationHelper.invokeMethod(MethodInvocationHelper.java:133)<br />
                      org.testng.internal.MethodInvocationHelper.invokeMethodConsideringTimeout(MethodInvocationHelper.java:62)<br />
                      org.testng.internal.ConfigInvoker.invokeConfigurationMethod(ConfigInvoker.java:385)<br />
                      org.testng.internal.ConfigInvoker.invokeConfigurations(ConfigInvoker.java:321)<br />
                      org.testng.SuiteRunner.privateRun(SuiteRunner.java:317)<br />
                      org.testng.SuiteRunner.run(SuiteRunner.java:276)<br />
                      org.testng.SuiteRunnerWorker.runSuite(SuiteRunnerWorker.java:53)<br />
                      org.testng.SuiteRunnerWorker.run(SuiteRunnerWorker.java:96)<br />
                      org.testng.TestNG.runSuitesSequentially(TestNG.java:1212)<br />
                      org.testng.TestNG.runSuitesLocally(TestNG.java:1134)<br />
                      org.testng.TestNG.runSuites(TestNG.java:1063)<br />
                      org.testng.TestNG.run(TestNG.java:1031)<br />
                      org.testng.remote.AbstractRemoteTestNG.run(AbstractRemoteTestNG.java:115)<br />
                      org.testng.remote.RemoteTestNG.initAndRun(RemoteTestNG.java:251)<br />
                      org.testng.remote.RemoteTestNG.main(RemoteTestNG.java:77)<br />
                  </div>
              <b>Caused by: </b> <a href="javascript:toggleElement('exception-2', 'block')" title="Click to expand/collapse">java.util.concurrent.TimeoutException</a><br />
        <div class="stackTrace" id="exception-2">
                      java.base/java.util.concurrent.FutureTask.get(FutureTask.java:204)<br />
                      com.google.common.util.concurrent.SimpleTimeLimiter.callWithTimeout(SimpleTimeLimiter.java:156)<br />
                      org.openqa.selenium.net.UrlChecker.waitUntilAvailable(UrlChecker.java:75)<br />
                      org.openqa.selenium.remote.service.DriverService.waitUntilAvailable(DriverService.java:197)<br />
                      org.openqa.selenium.remote.service.DriverService.start(DriverService.java:188)<br />
                      org.openqa.selenium.remote.service.DriverCommandExecutor.execute(DriverCommandExecutor.java:79)<br />
                      org.openqa.selenium.remote.RemoteWebDriver.execute(RemoteWebDriver.java:552)<br />
                      org.openqa.selenium.remote.RemoteWebDriver.startSession(RemoteWebDriver.java:213)<br />
                      org.openqa.selenium.remote.RemoteWebDriver.&lt;init&gt;(RemoteWebDriver.java:131)<br />
                      org.openqa.selenium.chrome.ChromeDriver.&lt;init&gt;(ChromeDriver.java:181)<br />
                      org.openqa.selenium.chrome.ChromeDriver.&lt;init&gt;(ChromeDriver.java:168)<br />
                      org.openqa.selenium.chrome.ChromeDriver.&lt;init&gt;(ChromeDriver.java:123)<br />
                      com.w2a.base.TestBase.setUp(TestBase.java:78)<br />
                      java.base/jdk.internal.reflect.NativeMethodAccessorImpl.invoke0(Native Method)<br />
                      java.base/jdk.internal.reflect.NativeMethodAccessorImpl.invoke(NativeMethodAccessorImpl.java:78)<br />
                      java.base/jdk.internal.reflect.DelegatingMethodAccessorImpl.invoke(DelegatingMethodAccessorImpl.java:43)<br />
                      java.base/java.lang.reflect.Method.invoke(Method.java:567)<br />
                      org.testng.internal.MethodInvocationHelper.invokeMethod(MethodInvocationHelper.java:133)<br />
                      org.testng.internal.MethodInvocationHelper.invokeMethodConsideringTimeout(MethodInvocationHelper.java:62)<br />
                      org.testng.internal.ConfigInvoker.invokeConfigurationMethod(ConfigInvoker.java:385)<br />
                      org.testng.internal.ConfigInvoker.invokeConfigurations(ConfigInvoker.java:321)<br />
                      org.testng.SuiteRunner.privateRun(SuiteRunner.java:317)<br />
                      org.testng.SuiteRunner.run(SuiteRunner.java:276)<br />
                      org.testng.SuiteRunnerWorker.runSuite(SuiteRunnerWorker.java:53)<br />
                      org.testng.SuiteRunnerWorker.run(SuiteRunnerWorker.java:96)<br />
                      org.testng.TestNG.runSuitesSequentially(TestNG.java:1212)<br />
                      org.testng.TestNG.runSuitesLocally(TestNG.java:1134)<br />
                      org.testng.TestNG.runSuites(TestNG.java:1063)<br />
                      org.testng.TestNG.run(TestNG.java:1031)<br />
                      org.testng.remote.AbstractRemoteTestNG.run(AbstractRemoteTestNG.java:115)<br />
                      org.testng.remote.RemoteTestNG.initAndRun(RemoteTestNG.java:251)<br />
                      org.testng.remote.RemoteTestNG.main(RemoteTestNG.java:77)<br />
                  </div>
          </div>
      </td>
</tr>
    
          <tr><td colspan="3">&nbsp;</td></tr>
      <tr><td colspan="3" class="header skippedConfig">Skipped Configuration</td></tr>
                    <tr>
          <td colspan="3" class="group">com.w2a.testcases.AddCustomerTest</td>
        </tr>
                
<tr>
  <td class="method">
                  tearDown
      </td>
  <td class="duration">
    -1624867924.851s
  </td>
  <td class="result">
                               
    
        

      </td>
</tr>
            </table>



  <table class="resultsTable" width="100%">
    <tr><th colspan="3" class="header skipped">Skipped Tests</th></tr>
          <tr>
        <td colspan="3" class="group">com.w2a.testcases.AddCustomerTest</td>
      </tr>
            
<tr>
  <td class="method">
                  addCustomer
      </td>
  <td class="duration">
    0.000s
  </td>
  <td class="result">
                               
          <i>Method arguments: </i><span class="arguments">"Shreya", "saxena", "4740dsf01", "Customer added successfully with customer"</span><br />
    
        

      </td>
</tr>
      </table>

  
</body>
</html>
